\BOOKMARK [-1][-]{part.1}{I General}{}% 1
\BOOKMARK [0][-]{chapter.1}{Acceptable Encryption Policy}{part.1}% 2
\BOOKMARK [1][-]{section.1.1}{Overview}{chapter.1}% 3
\BOOKMARK [1][-]{section.1.2}{Purpose}{chapter.1}% 4
\BOOKMARK [1][-]{section.1.3}{Scope}{chapter.1}% 5
\BOOKMARK [1][-]{section.1.4}{Policy}{chapter.1}% 6
\BOOKMARK [2][-]{subsection.1.4.1}{Algorithm Requirements}{section.1.4}% 7
\BOOKMARK [2][-]{subsection.1.4.2}{Hash Function Requirements}{section.1.4}% 8
\BOOKMARK [2][-]{subsection.1.4.3}{Key Agreement and Authentication}{section.1.4}% 9
\BOOKMARK [2][-]{subsection.1.4.4}{Key Generation}{section.1.4}% 10
\BOOKMARK [1][-]{section.1.5}{Policy Compliance}{chapter.1}% 11
\BOOKMARK [2][-]{subsection.1.5.1}{Compliance Measurement}{section.1.5}% 12
\BOOKMARK [2][-]{subsection.1.5.2}{Exceptions}{section.1.5}% 13
\BOOKMARK [2][-]{subsection.1.5.3}{Non-Compliance}{section.1.5}% 14
\BOOKMARK [1][-]{section.1.6}{Related Standards, Policies and Processes}{chapter.1}% 15
\BOOKMARK [-1][-]{part.2}{II Application Security}{}% 16
\BOOKMARK [0][-]{chapter.2}{Web Application Security Policy}{part.2}% 17
\BOOKMARK [1][-]{section.2.1}{Overview}{chapter.2}% 18
\BOOKMARK [1][-]{section.2.2}{Purpose}{chapter.2}% 19
\BOOKMARK [1][-]{section.2.3}{Scope}{chapter.2}% 20
\BOOKMARK [1][-]{section.2.4}{Policy}{chapter.2}% 21
\BOOKMARK [1][-]{section.2.5}{Policy Compliance}{chapter.2}% 22
\BOOKMARK [2][-]{subsection.2.5.1}{Compliance Measurement}{section.2.5}% 23
\BOOKMARK [2][-]{subsection.2.5.2}{Exceptions}{section.2.5}% 24
\BOOKMARK [2][-]{subsection.2.5.3}{Non-Compliance}{section.2.5}% 25
\BOOKMARK [1][-]{section.2.6}{Related Standards, Policies and Processes}{chapter.2}% 26
\BOOKMARK [1][-]{section.2.7}{Definitions and Terms}{chapter.2}% 27
\BOOKMARK [1][-]{section.2.8}{Revision History}{chapter.2}% 28
